<?xml version="1.0" encoding="UTF-8"?>
<testsuite xmlns:xsi="http://www.w3.org/2001/XMLSchema-instance" xsi:noNamespaceSchemaLocation="https://maven.apache.org/surefire/maven-surefire-plugin/xsd/surefire-test-report-3.0.xsd" version="3.0" name="IsomorphicTests" time="1.203" tests="5" errors="0" skipped="0" failures="0">
  <properties>
[...]
</properties>
  <testcase name="testInvalidInputs" classname="IsomorphicTests" time="0.015"/>
  <testcase name="testInvalidInputs" classname="IsomorphicTests" time="0"/>
  <testcase name="testValidInputs" classname="IsomorphicTests" time="0.001"/>
  <testcase name="testValidInputs" classname="IsomorphicTests" time="0"/>
  <testcase name="testValidInputs" classname="IsomorphicTests" time="0"/>
</testsuite>